==7968== Memcheck, a memory error detector
==7968== Copyright (C) 2002-2017, and GNU GPL'd, by Julian Seward et al.
==7968== Using Valgrind-3.15.0-608cb11914-20190413X and LibVEX; rerun with -h for copyright info
==7968== Command: ./bfcpu_environment prog.bf
==7968== Parent PID: 7885
==7968== 
--7968-- 
--7968-- Valgrind options:
--7968--    --log-file=bev.log
--7968--    -v
--7968-- Contents of /proc/version:
--7968--   Linux version 5.3.13-arch1-1 (linux@archlinux) (gcc version 9.2.0 (GCC)) #1 SMP PREEMPT Sun, 24 Nov 2019 10:15:50 +0000
--7968-- 
--7968-- Arch and hwcaps: AMD64, LittleEndian, amd64-cx16-lzcnt-rdtscp-sse3-ssse3-avx-avx2-bmi-f16c-rdrand
--7968-- Page sizes: currently 4096, max supported 4096
--7968-- Valgrind library directory: /usr/lib/valgrind
--7968-- Reading syms from /home/kosmic/projects/bfcpu/virtual-debug-environment/bfcpu_environment
--7968-- Reading syms from /usr/lib/ld-2.30.so
--7968-- Reading syms from /usr/lib/valgrind/memcheck-amd64-linux
--7968--    object doesn't have a dynamic symbol table
--7968-- Scheduler: using generic scheduler lock implementation.
--7968-- Reading suppressions file: /usr/lib/valgrind/default.supp
==7968== embedded gdbserver: reading from /tmp/vgdb-pipe-from-vgdb-to-7968-by-kosmic-on-???
==7968== embedded gdbserver: writing to   /tmp/vgdb-pipe-to-vgdb-from-7968-by-kosmic-on-???
==7968== embedded gdbserver: shared mem   /tmp/vgdb-pipe-shared-mem-vgdb-7968-by-kosmic-on-???
==7968== 
==7968== TO CONTROL THIS PROCESS USING vgdb (which you probably
==7968== don't want to do, unless you know exactly what you're doing,
==7968== or are doing some strange experiment):
==7968==   /usr/lib/valgrind/../../bin/vgdb --pid=7968 ...command...
==7968== 
==7968== TO DEBUG THIS PROCESS USING GDB: start GDB like this
==7968==   /path/to/gdb ./bfcpu_environment
==7968== and then give GDB the following command
==7968==   target remote | /usr/lib/valgrind/../../bin/vgdb --pid=7968
==7968== --pid is optional if only one valgrind process is running
==7968== 
--7968-- REDIR: 0x40203a0 (ld-linux-x86-64.so.2:strlen) redirected to 0x580c7532 (vgPlain_amd64_linux_REDIR_FOR_strlen)
--7968-- REDIR: 0x4020170 (ld-linux-x86-64.so.2:index) redirected to 0x580c754c (vgPlain_amd64_linux_REDIR_FOR_index)
--7968-- Reading syms from /usr/lib/valgrind/vgpreload_core-amd64-linux.so
--7968-- Reading syms from /usr/lib/valgrind/vgpreload_memcheck-amd64-linux.so
==7968== WARNING: new redirection conflicts with existing -- ignoring it
--7968--     old: 0x040203a0 (strlen              ) R-> (0000.0) 0x580c7532 vgPlain_amd64_linux_REDIR_FOR_strlen
--7968--     new: 0x040203a0 (strlen              ) R-> (2007.0) 0x0483bda0 strlen
--7968-- REDIR: 0x401cb80 (ld-linux-x86-64.so.2:strcmp) redirected to 0x483cc90 (strcmp)
--7968-- REDIR: 0x4020900 (ld-linux-x86-64.so.2:mempcpy) redirected to 0x4840670 (mempcpy)
--7968-- Reading syms from /usr/lib/libncursesw.so.6.1
--7968--    object doesn't have a symbol table
--7968-- Reading syms from /usr/lib/libboost_regex.so.1.71.0
--7968--    object doesn't have a symbol table
--7968-- Reading syms from /usr/lib/libstdc++.so.6.0.27
--7968-- Reading syms from /usr/lib/libm-2.30.so
--7968--    object doesn't have a symbol table
--7968-- Reading syms from /usr/lib/libgcc_s.so.1
--7968-- Reading syms from /usr/lib/libc-2.30.so
--7968-- Reading syms from /usr/lib/librt-2.30.so
--7968--    object doesn't have a symbol table
--7968-- Reading syms from /usr/lib/libicui18n.so.65.1
--7968--    object doesn't have a symbol table
--7968-- Reading syms from /usr/lib/libicuuc.so.65.1
--7968--    object doesn't have a symbol table
--7968-- Reading syms from /usr/lib/libpthread-2.30.so
--7968-- Reading syms from /usr/lib/libdl-2.30.so
--7968--    object doesn't have a symbol table
--7968-- REDIR: 0x4db3c60 (libc.so.6:memmove) redirected to 0x482e1c0 (_vgnU_ifunc_wrapper)
--7968-- REDIR: 0x4db2fe0 (libc.so.6:strncpy) redirected to 0x482e1c0 (_vgnU_ifunc_wrapper)
--7968-- REDIR: 0x4db3f90 (libc.so.6:strcasecmp) redirected to 0x482e1c0 (_vgnU_ifunc_wrapper)
--7968-- REDIR: 0x4db2900 (libc.so.6:strcat) redirected to 0x482e1c0 (_vgnU_ifunc_wrapper)
--7968-- REDIR: 0x4db3040 (libc.so.6:rindex) redirected to 0x482e1c0 (_vgnU_ifunc_wrapper)
--7968-- REDIR: 0x4db5330 (libc.so.6:rawmemchr) redirected to 0x482e1c0 (_vgnU_ifunc_wrapper)
--7968-- REDIR: 0x4dcd800 (libc.so.6:wmemchr) redirected to 0x482e1c0 (_vgnU_ifunc_wrapper)
--7968-- REDIR: 0x4dcd340 (libc.so.6:wcscmp) redirected to 0x482e1c0 (_vgnU_ifunc_wrapper)
--7968-- REDIR: 0x4db3dc0 (libc.so.6:mempcpy) redirected to 0x482e1c0 (_vgnU_ifunc_wrapper)
--7968-- REDIR: 0x4db3bf0 (libc.so.6:bcmp) redirected to 0x482e1c0 (_vgnU_ifunc_wrapper)
--7968-- REDIR: 0x4db2f70 (libc.so.6:strncmp) redirected to 0x482e1c0 (_vgnU_ifunc_wrapper)
--7968-- REDIR: 0x4db29b0 (libc.so.6:strcmp) redirected to 0x482e1c0 (_vgnU_ifunc_wrapper)
--7968-- REDIR: 0x4db3d20 (libc.so.6:memset) redirected to 0x482e1c0 (_vgnU_ifunc_wrapper)
--7968-- REDIR: 0x4dcd300 (libc.so.6:wcschr) redirected to 0x482e1c0 (_vgnU_ifunc_wrapper)
--7968-- REDIR: 0x4db2ed0 (libc.so.6:strnlen) redirected to 0x482e1c0 (_vgnU_ifunc_wrapper)
--7968-- REDIR: 0x4db2a90 (libc.so.6:strcspn) redirected to 0x482e1c0 (_vgnU_ifunc_wrapper)
--7968-- REDIR: 0x4db3fe0 (libc.so.6:strncasecmp) redirected to 0x482e1c0 (_vgnU_ifunc_wrapper)
--7968-- REDIR: 0x4db2a30 (libc.so.6:strcpy) redirected to 0x482e1c0 (_vgnU_ifunc_wrapper)
--7968-- REDIR: 0x4db4130 (libc.so.6:memcpy@@GLIBC_2.14) redirected to 0x482e1c0 (_vgnU_ifunc_wrapper)
--7968-- REDIR: 0x4dcea50 (libc.so.6:wcsnlen) redirected to 0x482e1c0 (_vgnU_ifunc_wrapper)
--7968-- REDIR: 0x4dcd380 (libc.so.6:wcscpy) redirected to 0x482e1c0 (_vgnU_ifunc_wrapper)
--7968-- REDIR: 0x4db3080 (libc.so.6:strpbrk) redirected to 0x482e1c0 (_vgnU_ifunc_wrapper)
--7968-- REDIR: 0x4db2960 (libc.so.6:index) redirected to 0x482e1c0 (_vgnU_ifunc_wrapper)
--7968-- REDIR: 0x4db2e90 (libc.so.6:strlen) redirected to 0x482e1c0 (_vgnU_ifunc_wrapper)
--7968-- REDIR: 0x4db9760 (libc.so.6:memrchr) redirected to 0x482e1c0 (_vgnU_ifunc_wrapper)
--7968-- REDIR: 0x4db4030 (libc.so.6:strcasecmp_l) redirected to 0x482e1c0 (_vgnU_ifunc_wrapper)
--7968-- REDIR: 0x4db3bb0 (libc.so.6:memchr) redirected to 0x482e1c0 (_vgnU_ifunc_wrapper)
--7968-- REDIR: 0x4dcd450 (libc.so.6:wcslen) redirected to 0x482e1c0 (_vgnU_ifunc_wrapper)
--7968-- REDIR: 0x4db3340 (libc.so.6:strspn) redirected to 0x482e1c0 (_vgnU_ifunc_wrapper)
--7968-- REDIR: 0x4db3f30 (libc.so.6:stpncpy) redirected to 0x482e1c0 (_vgnU_ifunc_wrapper)
--7968-- REDIR: 0x4db3ed0 (libc.so.6:stpcpy) redirected to 0x482e1c0 (_vgnU_ifunc_wrapper)
--7968-- REDIR: 0x4db5370 (libc.so.6:strchrnul) redirected to 0x482e1c0 (_vgnU_ifunc_wrapper)
--7968-- REDIR: 0x4db4080 (libc.so.6:strncasecmp_l) redirected to 0x482e1c0 (_vgnU_ifunc_wrapper)
--7968-- REDIR: 0x4db3ad0 (libc.so.6:strstr) redirected to 0x482e1c0 (_vgnU_ifunc_wrapper)
--7968-- REDIR: 0x4db2f10 (libc.so.6:strncat) redirected to 0x482e1c0 (_vgnU_ifunc_wrapper)
--7968-- REDIR: 0x4e30f90 (libc.so.6:__memmove_chk) redirected to 0x482e1c0 (_vgnU_ifunc_wrapper)
--7968-- REDIR: 0x4e30ed0 (libc.so.6:__memcpy_chk) redirected to 0x482e1c0 (_vgnU_ifunc_wrapper)
==7968== WARNING: new redirection conflicts with existing -- ignoring it
--7968--     old: 0x04e886e0 (__memcpy_chk_avx_una) R-> (2024.0) 0x04840170 __memmove_chk
--7968--     new: 0x04e886e0 (__memcpy_chk_avx_una) R-> (2030.0) 0x04840750 __memcpy_chk
==7968== WARNING: new redirection conflicts with existing -- ignoring it
--7968--     old: 0x04e886e0 (__memcpy_chk_avx_una) R-> (2024.0) 0x04840170 __memmove_chk
--7968--     new: 0x04e886e0 (__memcpy_chk_avx_una) R-> (2030.0) 0x04840750 __memcpy_chk
==7968== WARNING: new redirection conflicts with existing -- ignoring it
--7968--     old: 0x04e886e0 (__memcpy_chk_avx_una) R-> (2024.0) 0x04840170 __memmove_chk
--7968--     new: 0x04e886e0 (__memcpy_chk_avx_una) R-> (2030.0) 0x04840750 __memcpy_chk
==7968== WARNING: new redirection conflicts with existing -- ignoring it
--7968--     old: 0x04e886e0 (__memcpy_chk_avx_una) R-> (2024.0) 0x04840170 __memmove_chk
--7968--     new: 0x04e886e0 (__memcpy_chk_avx_una) R-> (2030.0) 0x04840750 __memcpy_chk
--7968-- REDIR: 0x4e85510 (libc.so.6:__strrchr_avx2) redirected to 0x483b7b0 (rindex)
--7968-- REDIR: 0x4daee10 (libc.so.6:malloc) redirected to 0x4838710 (malloc)
--7968-- REDIR: 0x4e856e0 (libc.so.6:__strlen_avx2) redirected to 0x483bc80 (strlen)
--7968-- REDIR: 0x4e81cd0 (libc.so.6:__memcmp_avx2_movbe) redirected to 0x483ee80 (bcmp)
--7968-- REDIR: 0x4e80be0 (libc.so.6:__strcmp_avx2) redirected to 0x483cb90 (strcmp)
--7968-- REDIR: 0x4e81020 (libc.so.6:__strncmp_avx2) redirected to 0x483c370 (strncmp)
--7968-- REDIR: 0x4dafb90 (libc.so.6:calloc) redirected to 0x483aab0 (calloc)
--7968-- REDIR: 0x4e85320 (libc.so.6:__strchrnul_avx2) redirected to 0x48401e0 (strchrnul)
--7968-- REDIR: 0x4e85880 (libc.so.6:__strnlen_avx2) redirected to 0x483bc20 (strnlen)
--7968-- REDIR: 0x4e850f0 (libc.so.6:__strchr_avx2) redirected to 0x483b930 (index)
--7968-- REDIR: 0x4daf450 (libc.so.6:free) redirected to 0x4839940 (free)
--7968-- REDIR: 0x4e886f0 (libc.so.6:__memcpy_avx_unaligned_erms) redirected to 0x483f690 (memmove)
--7968-- REDIR: 0x4e86c20 (libc.so.6:__strcpy_avx2) redirected to 0x483bdd0 (strcpy)
--7968-- REDIR: 0x4db37f0 (libc.so.6:__GI_strstr) redirected to 0x48408c0 (__strstr_sse2)
--7968-- REDIR: 0x4e886e0 (libc.so.6:__memcpy_chk_avx_unaligned_erms) redirected to 0x4840170 (__memmove_chk)
--7968-- REDIR: 0x4daf6c0 (libc.so.6:realloc) redirected to 0x483ad00 (realloc)
--7968-- REDIR: 0x4e86fb0 (libc.so.6:__strncpy_avx2) redirected to 0x483bf70 (strncpy)
--7968-- REDIR: 0x4dcbfa0 (libc.so.6:__strstr_sse2_unaligned) redirected to 0x4840850 (strstr)
--7968-- REDIR: 0x4a7bd10 (libstdc++.so.6:operator new[](unsigned long)) redirected to 0x48394a0 (operator new[](unsigned long))
--7968-- REDIR: 0x4a7bcb0 (libstdc++.so.6:operator new(unsigned long)) redirected to 0x4838d80 (operator new(unsigned long))
--7968-- REDIR: 0x4a79ea0 (libstdc++.so.6:operator delete(void*)) redirected to 0x4839e40 (operator delete(void*))
--7968-- REDIR: 0x4a79ed0 (libstdc++.so.6:operator delete[](void*)) redirected to 0x483a520 (operator delete[](void*))
==7968== Conditional jump or move depends on uninitialised value(s)
==7968==    at 0x110FC9: CommandWin::update() (command_win.cc:10)
==7968==    by 0x112BBF: CommandWin::next_comm() (command_win.cc:362)
==7968==    by 0x10D97C: main (bfcpu_environment.cc:25)
==7968== 
==7968== Invalid read of size 2
==7968==    at 0x1107BE: bool std::operator< <unsigned short, unsigned short>(std::pair<unsigned short, unsigned short> const&, std::pair<unsigned short, unsigned short> const&) (stl_pair.h:455)
==7968==    by 0x110034: std::less<std::pair<unsigned short, unsigned short> >::operator()(std::pair<unsigned short, unsigned short> const&, std::pair<unsigned short, unsigned short> const&) const (stl_function.h:386)
==7968==    by 0x10FF8D: std::_Rb_tree<std::pair<unsigned short, unsigned short>, std::pair<unsigned short, unsigned short>, std::_Identity<std::pair<unsigned short, unsigned short> >, std::less<std::pair<unsigned short, unsigned short> >, std::allocator<std::pair<unsigned short, unsigned short> > >::_M_lower_bound(std::_Rb_tree_node<std::pair<unsigned short, unsigned short> > const*, std::_Rb_tree_node_base const*, std::pair<unsigned short, unsigned short> const&) const (stl_tree.h:1945)
==7968==    by 0x10FAD5: std::_Rb_tree<std::pair<unsigned short, unsigned short>, std::pair<unsigned short, unsigned short>, std::_Identity<std::pair<unsigned short, unsigned short> >, std::less<std::pair<unsigned short, unsigned short> >, std::allocator<std::pair<unsigned short, unsigned short> > >::find(std::pair<unsigned short, unsigned short> const&) const (stl_tree.h:2570)
==7968==    by 0x10F73D: std::set<std::pair<unsigned short, unsigned short>, std::less<std::pair<unsigned short, unsigned short> >, std::allocator<std::pair<unsigned short, unsigned short> > >::count(std::pair<unsigned short, unsigned short> const&) const (stl_set.h:749)
==7968==    by 0x10F157: MemoryWin::at_break(int) (memory_win.cc:152)
==7968==    by 0x111395: CommandWin::render_mem(int, int) (command_win.cc:59)
==7968==    by 0x1110AC: CommandWin::update() (command_win.cc:19)
==7968==    by 0x112BBF: CommandWin::next_comm() (command_win.cc:362)
==7968==    by 0x10D97C: main (bfcpu_environment.cc:25)
==7968==  Address 0x7069900 is 32 bytes before a block of size 48 in arena "client"
==7968== 
==7968== Invalid read of size 2
==7968==    at 0x1107D8: bool std::operator< <unsigned short, unsigned short>(std::pair<unsigned short, unsigned short> const&, std::pair<unsigned short, unsigned short> const&) (stl_pair.h:456)
==7968==    by 0x110034: std::less<std::pair<unsigned short, unsigned short> >::operator()(std::pair<unsigned short, unsigned short> const&, std::pair<unsigned short, unsigned short> const&) const (stl_function.h:386)
==7968==    by 0x10FF8D: std::_Rb_tree<std::pair<unsigned short, unsigned short>, std::pair<unsigned short, unsigned short>, std::_Identity<std::pair<unsigned short, unsigned short> >, std::less<std::pair<unsigned short, unsigned short> >, std::allocator<std::pair<unsigned short, unsigned short> > >::_M_lower_bound(std::_Rb_tree_node<std::pair<unsigned short, unsigned short> > const*, std::_Rb_tree_node_base const*, std::pair<unsigned short, unsigned short> const&) const (stl_tree.h:1945)
==7968==    by 0x10FAD5: std::_Rb_tree<std::pair<unsigned short, unsigned short>, std::pair<unsigned short, unsigned short>, std::_Identity<std::pair<unsigned short, unsigned short> >, std::less<std::pair<unsigned short, unsigned short> >, std::allocator<std::pair<unsigned short, unsigned short> > >::find(std::pair<unsigned short, unsigned short> const&) const (stl_tree.h:2570)
==7968==    by 0x10F73D: std::set<std::pair<unsigned short, unsigned short>, std::less<std::pair<unsigned short, unsigned short> >, std::allocator<std::pair<unsigned short, unsigned short> > >::count(std::pair<unsigned short, unsigned short> const&) const (stl_set.h:749)
==7968==    by 0x10F157: MemoryWin::at_break(int) (memory_win.cc:152)
==7968==    by 0x111395: CommandWin::render_mem(int, int) (command_win.cc:59)
==7968==    by 0x1110AC: CommandWin::update() (command_win.cc:19)
==7968==    by 0x112BBF: CommandWin::next_comm() (command_win.cc:362)
==7968==    by 0x10D97C: main (bfcpu_environment.cc:25)
==7968==  Address 0x7069900 is 32 bytes before a block of size 48 in arena "client"
==7968== 
==7968== Invalid read of size 8
==7968==    at 0x110796: std::_Rb_tree<std::pair<unsigned short, unsigned short>, std::pair<unsigned short, unsigned short>, std::_Identity<std::pair<unsigned short, unsigned short> >, std::less<std::pair<unsigned short, unsigned short> >, std::allocator<std::pair<unsigned short, unsigned short> > >::_S_left(std::_Rb_tree_node_base const*) (stl_tree.h:794)
==7968==    by 0x10FFA8: std::_Rb_tree<std::pair<unsigned short, unsigned short>, std::pair<unsigned short, unsigned short>, std::_Identity<std::pair<unsigned short, unsigned short> >, std::less<std::pair<unsigned short, unsigned short> >, std::allocator<std::pair<unsigned short, unsigned short> > >::_M_lower_bound(std::_Rb_tree_node<std::pair<unsigned short, unsigned short> > const*, std::_Rb_tree_node_base const*, std::pair<unsigned short, unsigned short> const&) const (stl_tree.h:1946)
==7968==    by 0x10FAD5: std::_Rb_tree<std::pair<unsigned short, unsigned short>, std::pair<unsigned short, unsigned short>, std::_Identity<std::pair<unsigned short, unsigned short> >, std::less<std::pair<unsigned short, unsigned short> >, std::allocator<std::pair<unsigned short, unsigned short> > >::find(std::pair<unsigned short, unsigned short> const&) const (stl_tree.h:2570)
==7968==    by 0x10F73D: std::set<std::pair<unsigned short, unsigned short>, std::less<std::pair<unsigned short, unsigned short> >, std::allocator<std::pair<unsigned short, unsigned short> > >::count(std::pair<unsigned short, unsigned short> const&) const (stl_set.h:749)
==7968==    by 0x10F157: MemoryWin::at_break(int) (memory_win.cc:152)
==7968==    by 0x111395: CommandWin::render_mem(int, int) (command_win.cc:59)
==7968==    by 0x1110AC: CommandWin::update() (command_win.cc:19)
==7968==    by 0x112BBF: CommandWin::next_comm() (command_win.cc:362)
==7968==    by 0x10D97C: main (bfcpu_environment.cc:25)
==7968==  Address 0x70698f0 is 16 bytes after a block of size 256 alloc'd
==7968==    at 0x4838DEF: operator new(unsigned long) (vg_replace_malloc.c:344)
==7968==    by 0x11E205: __gnu_cxx::new_allocator<int>::allocate(unsigned long, void const*) (new_allocator.h:114)
==7968==    by 0x11DFD5: std::allocator_traits<std::allocator<int> >::allocate(std::allocator<int>&, unsigned long) (alloc_traits.h:444)
==7968==    by 0x11D9B3: std::_Vector_base<int, std::allocator<int> >::_M_allocate(unsigned long) (stl_vector.h:343)
==7968==    by 0x11CD06: void std::vector<int, std::allocator<int> >::_M_realloc_insert<int>(__gnu_cxx::__normal_iterator<int*, std::vector<int, std::allocator<int> > >, int&&) (vector.tcc:440)
==7968==    by 0x11C6D3: int& std::vector<int, std::allocator<int> >::emplace_back<int>(int&&) (vector.tcc:121)
==7968==    by 0x11C2CB: std::vector<int, std::allocator<int> >::push_back(int&&) (stl_vector.h:1201)
==7968==    by 0x11B316: ProgWin::ProgWin(std::__cxx11::basic_string<char, std::char_traits<char>, std::allocator<char> >, int, int) (prog_win.cc:26)
==7968==    by 0x10DC43: CommandWin::CommandWin(std::__cxx11::basic_string<char, std::char_traits<char>, std::allocator<char> > const&, std::vector<Peripheral*, std::allocator<Peripheral*> > const&, int) (command_win.hh:18)
==7968==    by 0x10D94F: main (bfcpu_environment.cc:23)
==7968== 
==7968== Invalid read of size 2
==7968==    at 0x1107C5: bool std::operator< <unsigned short, unsigned short>(std::pair<unsigned short, unsigned short> const&, std::pair<unsigned short, unsigned short> const&) (stl_pair.h:455)
==7968==    by 0x110034: std::less<std::pair<unsigned short, unsigned short> >::operator()(std::pair<unsigned short, unsigned short> const&, std::pair<unsigned short, unsigned short> const&) const (stl_function.h:386)
==7968==    by 0x10FB22: std::_Rb_tree<std::pair<unsigned short, unsigned short>, std::pair<unsigned short, unsigned short>, std::_Identity<std::pair<unsigned short, unsigned short> >, std::less<std::pair<unsigned short, unsigned short> >, std::allocator<std::pair<unsigned short, unsigned short> > >::find(std::pair<unsigned short, unsigned short> const&) const (stl_tree.h:2572)
==7968==    by 0x10F73D: std::set<std::pair<unsigned short, unsigned short>, std::less<std::pair<unsigned short, unsigned short> >, std::allocator<std::pair<unsigned short, unsigned short> > >::count(std::pair<unsigned short, unsigned short> const&) const (stl_set.h:749)
==7968==    by 0x10F157: MemoryWin::at_break(int) (memory_win.cc:152)
==7968==    by 0x111395: CommandWin::render_mem(int, int) (command_win.cc:59)
==7968==    by 0x1110AC: CommandWin::update() (command_win.cc:19)
==7968==    by 0x112BBF: CommandWin::next_comm() (command_win.cc:362)
==7968==    by 0x10D97C: main (bfcpu_environment.cc:25)
==7968==  Address 0x7069900 is 32 bytes before a block of size 48 in arena "client"
==7968== 
==7968== Conditional jump or move depends on uninitialised value(s)
==7968==    at 0x4BD415C: log10 (in /usr/lib/libm-2.30.so)
==7968==    by 0x1115D2: CommandWin::render_prog(int, int) (command_win.cc:90)
==7968==    by 0x1110CB: CommandWin::update() (command_win.cc:20)
==7968==    by 0x112BBF: CommandWin::next_comm() (command_win.cc:362)
==7968==    by 0x10D97C: main (bfcpu_environment.cc:25)
==7968== 
==7968== Conditional jump or move depends on uninitialised value(s)
==7968==    at 0x4BEFFB6: __log10_finite (in /usr/lib/libm-2.30.so)
==7968==    by 0x1115D2: CommandWin::render_prog(int, int) (command_win.cc:90)
==7968==    by 0x1110CB: CommandWin::update() (command_win.cc:20)
==7968==    by 0x112BBF: CommandWin::next_comm() (command_win.cc:362)
==7968==    by 0x10D97C: main (bfcpu_environment.cc:25)
==7968== 
==7968== Conditional jump or move depends on uninitialised value(s)
==7968==    at 0x4BEFFFF: __log10_finite (in /usr/lib/libm-2.30.so)
==7968==    by 0x1115D2: CommandWin::render_prog(int, int) (command_win.cc:90)
==7968==    by 0x1110CB: CommandWin::update() (command_win.cc:20)
==7968==    by 0x112BBF: CommandWin::next_comm() (command_win.cc:362)
==7968==    by 0x10D97C: main (bfcpu_environment.cc:25)
==7968== 
==7968== Conditional jump or move depends on uninitialised value(s)
==7968==    at 0x4C3BDBC: ??? (in /usr/lib/libm-2.30.so)
==7968==    by 0x4BF0057: __log10_finite (in /usr/lib/libm-2.30.so)
==7968==    by 0x1115D2: CommandWin::render_prog(int, int) (command_win.cc:90)
==7968==    by 0x1110CB: CommandWin::update() (command_win.cc:20)
==7968==    by 0x112BBF: CommandWin::next_comm() (command_win.cc:362)
==7968==    by 0x10D97C: main (bfcpu_environment.cc:25)
==7968== 
==7968== Conditional jump or move depends on uninitialised value(s)
==7968==    at 0x4C3BDCB: ??? (in /usr/lib/libm-2.30.so)
==7968==    by 0x4BF0057: __log10_finite (in /usr/lib/libm-2.30.so)
==7968==    by 0x1115D2: CommandWin::render_prog(int, int) (command_win.cc:90)
==7968==    by 0x1110CB: CommandWin::update() (command_win.cc:20)
==7968==    by 0x112BBF: CommandWin::next_comm() (command_win.cc:362)
==7968==    by 0x10D97C: main (bfcpu_environment.cc:25)
==7968== 
==7968== Use of uninitialised value of size 8
==7968==    at 0x4C3BE3B: ??? (in /usr/lib/libm-2.30.so)
==7968==    by 0x4BF0057: __log10_finite (in /usr/lib/libm-2.30.so)
==7968==    by 0x1115D2: CommandWin::render_prog(int, int) (command_win.cc:90)
==7968==    by 0x1110CB: CommandWin::update() (command_win.cc:20)
==7968==    by 0x112BBF: CommandWin::next_comm() (command_win.cc:362)
==7968==    by 0x10D97C: main (bfcpu_environment.cc:25)
==7968== 
==7968== Use of uninitialised value of size 8
==7968==    at 0x11B455: ProgWin::get_start_index() (prog_win.cc:36)
==7968==    by 0x11162B: CommandWin::render_prog(int, int) (command_win.cc:100)
==7968==    by 0x1110CB: CommandWin::update() (command_win.cc:20)
==7968==    by 0x112BBF: CommandWin::next_comm() (command_win.cc:362)
==7968==    by 0x10D97C: main (bfcpu_environment.cc:25)
==7968== 
==7968== Invalid read of size 4
==7968==    at 0x11B455: ProgWin::get_start_index() (prog_win.cc:36)
==7968==    by 0x11162B: CommandWin::render_prog(int, int) (command_win.cc:100)
==7968==    by 0x1110CB: CommandWin::update() (command_win.cc:20)
==7968==    by 0x112BBF: CommandWin::next_comm() (command_win.cc:362)
==7968==    by 0x10D97C: main (bfcpu_environment.cc:25)
==7968==  Address 0xd64406 is not stack'd, malloc'd or (recently) free'd
==7968== 
==7968== 
==7968== Process terminating with default action of signal 11 (SIGSEGV): dumping core
==7968==  Access not within mapped region at address 0xD64406
==7968==    at 0x11B455: ProgWin::get_start_index() (prog_win.cc:36)
==7968==    by 0x11162B: CommandWin::render_prog(int, int) (command_win.cc:100)
==7968==    by 0x1110CB: CommandWin::update() (command_win.cc:20)
==7968==    by 0x112BBF: CommandWin::next_comm() (command_win.cc:362)
==7968==    by 0x10D97C: main (bfcpu_environment.cc:25)
==7968==  If you believe this happened as a result of a stack
==7968==  overflow in your program's main thread (unlikely but
==7968==  possible), you can try to increase the size of the
==7968==  main thread stack using the --main-stacksize= flag.
==7968==  The main thread stack size used in this run was 8388608.
==7968== 
==7968== HEAP SUMMARY:
==7968==     in use at exit: 1,707,889 bytes in 385 blocks
==7968==   total heap usage: 414 allocs, 29 frees, 1,809,384 bytes allocated
==7968== 
==7968== Searching for pointers to 385 not-freed blocks
==7968== Checked 2,182,696 bytes
==7968== 
==7968== LEAK SUMMARY:
==7968==    definitely lost: 0 bytes in 0 blocks
==7968==    indirectly lost: 0 bytes in 0 blocks
==7968==      possibly lost: 0 bytes in 0 blocks
==7968==    still reachable: 1,707,889 bytes in 385 blocks
==7968==         suppressed: 0 bytes in 0 blocks
==7968== Rerun with --leak-check=full to see details of leaked memory
==7968== 
==7968== Use --track-origins=yes to see where uninitialised values come from
==7968== ERROR SUMMARY: 101 errors from 13 contexts (suppressed: 0 from 0)
==7968== 
==7968== 1 errors in context 1 of 13:
==7968== Invalid read of size 4
==7968==    at 0x11B455: ProgWin::get_start_index() (prog_win.cc:36)
==7968==    by 0x11162B: CommandWin::render_prog(int, int) (command_win.cc:100)
==7968==    by 0x1110CB: CommandWin::update() (command_win.cc:20)
==7968==    by 0x112BBF: CommandWin::next_comm() (command_win.cc:362)
==7968==    by 0x10D97C: main (bfcpu_environment.cc:25)
==7968==  Address 0xd64406 is not stack'd, malloc'd or (recently) free'd
==7968== 
==7968== 
==7968== 1 errors in context 2 of 13:
==7968== Use of uninitialised value of size 8
==7968==    at 0x11B455: ProgWin::get_start_index() (prog_win.cc:36)
==7968==    by 0x11162B: CommandWin::render_prog(int, int) (command_win.cc:100)
==7968==    by 0x1110CB: CommandWin::update() (command_win.cc:20)
==7968==    by 0x112BBF: CommandWin::next_comm() (command_win.cc:362)
==7968==    by 0x10D97C: main (bfcpu_environment.cc:25)
==7968== 
==7968== 
==7968== 1 errors in context 3 of 13:
==7968== Use of uninitialised value of size 8
==7968==    at 0x4C3BE3B: ??? (in /usr/lib/libm-2.30.so)
==7968==    by 0x4BF0057: __log10_finite (in /usr/lib/libm-2.30.so)
==7968==    by 0x1115D2: CommandWin::render_prog(int, int) (command_win.cc:90)
==7968==    by 0x1110CB: CommandWin::update() (command_win.cc:20)
==7968==    by 0x112BBF: CommandWin::next_comm() (command_win.cc:362)
==7968==    by 0x10D97C: main (bfcpu_environment.cc:25)
==7968== 
==7968== 
==7968== 1 errors in context 4 of 13:
==7968== Conditional jump or move depends on uninitialised value(s)
==7968==    at 0x4C3BDCB: ??? (in /usr/lib/libm-2.30.so)
==7968==    by 0x4BF0057: __log10_finite (in /usr/lib/libm-2.30.so)
==7968==    by 0x1115D2: CommandWin::render_prog(int, int) (command_win.cc:90)
==7968==    by 0x1110CB: CommandWin::update() (command_win.cc:20)
==7968==    by 0x112BBF: CommandWin::next_comm() (command_win.cc:362)
==7968==    by 0x10D97C: main (bfcpu_environment.cc:25)
==7968== 
==7968== 
==7968== 1 errors in context 5 of 13:
==7968== Conditional jump or move depends on uninitialised value(s)
==7968==    at 0x4C3BDBC: ??? (in /usr/lib/libm-2.30.so)
==7968==    by 0x4BF0057: __log10_finite (in /usr/lib/libm-2.30.so)
==7968==    by 0x1115D2: CommandWin::render_prog(int, int) (command_win.cc:90)
==7968==    by 0x1110CB: CommandWin::update() (command_win.cc:20)
==7968==    by 0x112BBF: CommandWin::next_comm() (command_win.cc:362)
==7968==    by 0x10D97C: main (bfcpu_environment.cc:25)
==7968== 
==7968== 
==7968== 1 errors in context 6 of 13:
==7968== Conditional jump or move depends on uninitialised value(s)
==7968==    at 0x4BEFFFF: __log10_finite (in /usr/lib/libm-2.30.so)
==7968==    by 0x1115D2: CommandWin::render_prog(int, int) (command_win.cc:90)
==7968==    by 0x1110CB: CommandWin::update() (command_win.cc:20)
==7968==    by 0x112BBF: CommandWin::next_comm() (command_win.cc:362)
==7968==    by 0x10D97C: main (bfcpu_environment.cc:25)
==7968== 
==7968== 
==7968== 1 errors in context 7 of 13:
==7968== Conditional jump or move depends on uninitialised value(s)
==7968==    at 0x4BEFFB6: __log10_finite (in /usr/lib/libm-2.30.so)
==7968==    by 0x1115D2: CommandWin::render_prog(int, int) (command_win.cc:90)
==7968==    by 0x1110CB: CommandWin::update() (command_win.cc:20)
==7968==    by 0x112BBF: CommandWin::next_comm() (command_win.cc:362)
==7968==    by 0x10D97C: main (bfcpu_environment.cc:25)
==7968== 
==7968== 
==7968== 1 errors in context 8 of 13:
==7968== Conditional jump or move depends on uninitialised value(s)
==7968==    at 0x4BD415C: log10 (in /usr/lib/libm-2.30.so)
==7968==    by 0x1115D2: CommandWin::render_prog(int, int) (command_win.cc:90)
==7968==    by 0x1110CB: CommandWin::update() (command_win.cc:20)
==7968==    by 0x112BBF: CommandWin::next_comm() (command_win.cc:362)
==7968==    by 0x10D97C: main (bfcpu_environment.cc:25)
==7968== 
==7968== 
==7968== 1 errors in context 9 of 13:
==7968== Conditional jump or move depends on uninitialised value(s)
==7968==    at 0x110FC9: CommandWin::update() (command_win.cc:10)
==7968==    by 0x112BBF: CommandWin::next_comm() (command_win.cc:362)
==7968==    by 0x10D97C: main (bfcpu_environment.cc:25)
==7968== 
==7968== 
==7968== 23 errors in context 10 of 13:
==7968== Invalid read of size 2
==7968==    at 0x1107C5: bool std::operator< <unsigned short, unsigned short>(std::pair<unsigned short, unsigned short> const&, std::pair<unsigned short, unsigned short> const&) (stl_pair.h:455)
==7968==    by 0x110034: std::less<std::pair<unsigned short, unsigned short> >::operator()(std::pair<unsigned short, unsigned short> const&, std::pair<unsigned short, unsigned short> const&) const (stl_function.h:386)
==7968==    by 0x10FB22: std::_Rb_tree<std::pair<unsigned short, unsigned short>, std::pair<unsigned short, unsigned short>, std::_Identity<std::pair<unsigned short, unsigned short> >, std::less<std::pair<unsigned short, unsigned short> >, std::allocator<std::pair<unsigned short, unsigned short> > >::find(std::pair<unsigned short, unsigned short> const&) const (stl_tree.h:2572)
==7968==    by 0x10F73D: std::set<std::pair<unsigned short, unsigned short>, std::less<std::pair<unsigned short, unsigned short> >, std::allocator<std::pair<unsigned short, unsigned short> > >::count(std::pair<unsigned short, unsigned short> const&) const (stl_set.h:749)
==7968==    by 0x10F157: MemoryWin::at_break(int) (memory_win.cc:152)
==7968==    by 0x111395: CommandWin::render_mem(int, int) (command_win.cc:59)
==7968==    by 0x1110AC: CommandWin::update() (command_win.cc:19)
==7968==    by 0x112BBF: CommandWin::next_comm() (command_win.cc:362)
==7968==    by 0x10D97C: main (bfcpu_environment.cc:25)
==7968==  Address 0x7069900 is 32 bytes before a block of size 48 in arena "client"
==7968== 
==7968== 
==7968== 23 errors in context 11 of 13:
==7968== Invalid read of size 8
==7968==    at 0x110796: std::_Rb_tree<std::pair<unsigned short, unsigned short>, std::pair<unsigned short, unsigned short>, std::_Identity<std::pair<unsigned short, unsigned short> >, std::less<std::pair<unsigned short, unsigned short> >, std::allocator<std::pair<unsigned short, unsigned short> > >::_S_left(std::_Rb_tree_node_base const*) (stl_tree.h:794)
==7968==    by 0x10FFA8: std::_Rb_tree<std::pair<unsigned short, unsigned short>, std::pair<unsigned short, unsigned short>, std::_Identity<std::pair<unsigned short, unsigned short> >, std::less<std::pair<unsigned short, unsigned short> >, std::allocator<std::pair<unsigned short, unsigned short> > >::_M_lower_bound(std::_Rb_tree_node<std::pair<unsigned short, unsigned short> > const*, std::_Rb_tree_node_base const*, std::pair<unsigned short, unsigned short> const&) const (stl_tree.h:1946)
==7968==    by 0x10FAD5: std::_Rb_tree<std::pair<unsigned short, unsigned short>, std::pair<unsigned short, unsigned short>, std::_Identity<std::pair<unsigned short, unsigned short> >, std::less<std::pair<unsigned short, unsigned short> >, std::allocator<std::pair<unsigned short, unsigned short> > >::find(std::pair<unsigned short, unsigned short> const&) const (stl_tree.h:2570)
==7968==    by 0x10F73D: std::set<std::pair<unsigned short, unsigned short>, std::less<std::pair<unsigned short, unsigned short> >, std::allocator<std::pair<unsigned short, unsigned short> > >::count(std::pair<unsigned short, unsigned short> const&) const (stl_set.h:749)
==7968==    by 0x10F157: MemoryWin::at_break(int) (memory_win.cc:152)
==7968==    by 0x111395: CommandWin::render_mem(int, int) (command_win.cc:59)
==7968==    by 0x1110AC: CommandWin::update() (command_win.cc:19)
==7968==    by 0x112BBF: CommandWin::next_comm() (command_win.cc:362)
==7968==    by 0x10D97C: main (bfcpu_environment.cc:25)
==7968==  Address 0x70698f0 is 16 bytes after a block of size 256 alloc'd
==7968==    at 0x4838DEF: operator new(unsigned long) (vg_replace_malloc.c:344)
==7968==    by 0x11E205: __gnu_cxx::new_allocator<int>::allocate(unsigned long, void const*) (new_allocator.h:114)
==7968==    by 0x11DFD5: std::allocator_traits<std::allocator<int> >::allocate(std::allocator<int>&, unsigned long) (alloc_traits.h:444)
==7968==    by 0x11D9B3: std::_Vector_base<int, std::allocator<int> >::_M_allocate(unsigned long) (stl_vector.h:343)
==7968==    by 0x11CD06: void std::vector<int, std::allocator<int> >::_M_realloc_insert<int>(__gnu_cxx::__normal_iterator<int*, std::vector<int, std::allocator<int> > >, int&&) (vector.tcc:440)
==7968==    by 0x11C6D3: int& std::vector<int, std::allocator<int> >::emplace_back<int>(int&&) (vector.tcc:121)
==7968==    by 0x11C2CB: std::vector<int, std::allocator<int> >::push_back(int&&) (stl_vector.h:1201)
==7968==    by 0x11B316: ProgWin::ProgWin(std::__cxx11::basic_string<char, std::char_traits<char>, std::allocator<char> >, int, int) (prog_win.cc:26)
==7968==    by 0x10DC43: CommandWin::CommandWin(std::__cxx11::basic_string<char, std::char_traits<char>, std::allocator<char> > const&, std::vector<Peripheral*, std::allocator<Peripheral*> > const&, int) (command_win.hh:18)
==7968==    by 0x10D94F: main (bfcpu_environment.cc:23)
==7968== 
==7968== 
==7968== 23 errors in context 12 of 13:
==7968== Invalid read of size 2
==7968==    at 0x1107D8: bool std::operator< <unsigned short, unsigned short>(std::pair<unsigned short, unsigned short> const&, std::pair<unsigned short, unsigned short> const&) (stl_pair.h:456)
==7968==    by 0x110034: std::less<std::pair<unsigned short, unsigned short> >::operator()(std::pair<unsigned short, unsigned short> const&, std::pair<unsigned short, unsigned short> const&) const (stl_function.h:386)
==7968==    by 0x10FF8D: std::_Rb_tree<std::pair<unsigned short, unsigned short>, std::pair<unsigned short, unsigned short>, std::_Identity<std::pair<unsigned short, unsigned short> >, std::less<std::pair<unsigned short, unsigned short> >, std::allocator<std::pair<unsigned short, unsigned short> > >::_M_lower_bound(std::_Rb_tree_node<std::pair<unsigned short, unsigned short> > const*, std::_Rb_tree_node_base const*, std::pair<unsigned short, unsigned short> const&) const (stl_tree.h:1945)
==7968==    by 0x10FAD5: std::_Rb_tree<std::pair<unsigned short, unsigned short>, std::pair<unsigned short, unsigned short>, std::_Identity<std::pair<unsigned short, unsigned short> >, std::less<std::pair<unsigned short, unsigned short> >, std::allocator<std::pair<unsigned short, unsigned short> > >::find(std::pair<unsigned short, unsigned short> const&) const (stl_tree.h:2570)
==7968==    by 0x10F73D: std::set<std::pair<unsigned short, unsigned short>, std::less<std::pair<unsigned short, unsigned short> >, std::allocator<std::pair<unsigned short, unsigned short> > >::count(std::pair<unsigned short, unsigned short> const&) const (stl_set.h:749)
==7968==    by 0x10F157: MemoryWin::at_break(int) (memory_win.cc:152)
==7968==    by 0x111395: CommandWin::render_mem(int, int) (command_win.cc:59)
==7968==    by 0x1110AC: CommandWin::update() (command_win.cc:19)
==7968==    by 0x112BBF: CommandWin::next_comm() (command_win.cc:362)
==7968==    by 0x10D97C: main (bfcpu_environment.cc:25)
==7968==  Address 0x7069900 is 32 bytes before a block of size 48 in arena "client"
==7968== 
==7968== 
==7968== 23 errors in context 13 of 13:
==7968== Invalid read of size 2
==7968==    at 0x1107BE: bool std::operator< <unsigned short, unsigned short>(std::pair<unsigned short, unsigned short> const&, std::pair<unsigned short, unsigned short> const&) (stl_pair.h:455)
==7968==    by 0x110034: std::less<std::pair<unsigned short, unsigned short> >::operator()(std::pair<unsigned short, unsigned short> const&, std::pair<unsigned short, unsigned short> const&) const (stl_function.h:386)
==7968==    by 0x10FF8D: std::_Rb_tree<std::pair<unsigned short, unsigned short>, std::pair<unsigned short, unsigned short>, std::_Identity<std::pair<unsigned short, unsigned short> >, std::less<std::pair<unsigned short, unsigned short> >, std::allocator<std::pair<unsigned short, unsigned short> > >::_M_lower_bound(std::_Rb_tree_node<std::pair<unsigned short, unsigned short> > const*, std::_Rb_tree_node_base const*, std::pair<unsigned short, unsigned short> const&) const (stl_tree.h:1945)
==7968==    by 0x10FAD5: std::_Rb_tree<std::pair<unsigned short, unsigned short>, std::pair<unsigned short, unsigned short>, std::_Identity<std::pair<unsigned short, unsigned short> >, std::less<std::pair<unsigned short, unsigned short> >, std::allocator<std::pair<unsigned short, unsigned short> > >::find(std::pair<unsigned short, unsigned short> const&) const (stl_tree.h:2570)
==7968==    by 0x10F73D: std::set<std::pair<unsigned short, unsigned short>, std::less<std::pair<unsigned short, unsigned short> >, std::allocator<std::pair<unsigned short, unsigned short> > >::count(std::pair<unsigned short, unsigned short> const&) const (stl_set.h:749)
==7968==    by 0x10F157: MemoryWin::at_break(int) (memory_win.cc:152)
==7968==    by 0x111395: CommandWin::render_mem(int, int) (command_win.cc:59)
==7968==    by 0x1110AC: CommandWin::update() (command_win.cc:19)
==7968==    by 0x112BBF: CommandWin::next_comm() (command_win.cc:362)
==7968==    by 0x10D97C: main (bfcpu_environment.cc:25)
==7968==  Address 0x7069900 is 32 bytes before a block of size 48 in arena "client"
==7968== 
==7968== ERROR SUMMARY: 101 errors from 13 contexts (suppressed: 0 from 0)
